<?xml version="1.0" encoding="UTF-8"?>
<testsuite name="EmployerTest$EmployerAPITest" tests="1" skipped="0" failures="0" errors="0" timestamp="2021-10-03T16:21:01" hostname="MacBook-Pro-3.local" time="0.052">
  <properties/>
  <testcase name="testHTTPGetEmployersEndpoint()" classname="EmployerTest$EmployerAPITest" time="0.052"/>
  <system-out><![CDATA[]]></system-out>
  <system-err><![CDATA[]]></system-err>
</testsuite>
