<?xml version="1.0" encoding="UTF-8"?>
<testsuite name="EmployerTest$EmployerORMLiteDaoTest" tests="5" skipped="0" failures="0" errors="0" timestamp="2021-10-03T16:21:02" hostname="MacBook-Pro-3.local" time="0.054">
  <properties/>
  <testcase name="testDeleteAllFieldsMatch()" classname="EmployerTest$EmployerORMLiteDaoTest" time="0.017"/>
  <testcase name="testReadMutipleEmployers()" classname="EmployerTest$EmployerORMLiteDaoTest" time="0.004"/>
  <testcase name="testUpdateSector()" classname="EmployerTest$EmployerORMLiteDaoTest" time="0.009"/>
  <testcase name="testCreateSectorEmpty()" classname="EmployerTest$EmployerORMLiteDaoTest" time="0.004"/>
  <testcase name="testCreateNameNull()" classname="EmployerTest$EmployerORMLiteDaoTest" time="0.016"/>
  <system-out><![CDATA[2021-10-03 12:21:01,627 [WARNING] ANDROID Unable to get new instance of class com.j256.ormlite.android.AndroidLogBackend$AndroidLogBackendFactory, so had to use local log: com.j256.ormlite.android.AndroidLogBackend$AndroidLogBackendFactory
2021-10-03 12:21:01,629 [WARNING] COMMONS_LOGGING Unable to get new instance of class com.j256.ormlite.logger.CommonsLoggingLogBackend$CommonsLoggingLogBackendFactory, so had to use local log: org/apache/commons/logging/LogFactory
2021-10-03 12:21:01,630 [WARNING] LOG4J2 Unable to get new instance of class com.j256.ormlite.logger.Log4j2LogBackend$Log4j2LogBackendFactory, so had to use local log: org/apache/logging/log4j/LogManager
2021-10-03 12:21:01,631 [WARNING] LOG4J Unable to get new instance of class com.j256.ormlite.logger.Log4jLogBackend$Log4jLogBackendFactory, so had to use local log: org/apache/log4j/Priority
]]></system-out>
  <system-err><![CDATA[[Test worker] INFO com.j256.ormlite.table.TableUtils - creating table 'employers'
[Test worker] INFO com.j256.ormlite.table.TableUtils - executed create table statement changed 0 rows: CREATE TABLE IF NOT EXISTS `employers` (`id` INTEGER PRIMARY KEY AUTOINCREMENT , `name` VARCHAR NOT NULL , `sector` VARCHAR NOT NULL , `summary` VARCHAR ,  UNIQUE (`name`)) 
[Test worker] INFO com.j256.ormlite.table.TableUtils - clearing table 'employers' with 'DELETE FROM `employers`
[Test worker] INFO com.j256.ormlite.table.TableUtils - clearing table 'employers' with 'DELETE FROM `employers`
[Test worker] INFO com.j256.ormlite.table.TableUtils - clearing table 'employers' with 'DELETE FROM `employers`
[Test worker] INFO com.j256.ormlite.table.TableUtils - clearing table 'employers' with 'DELETE FROM `employers`
[Test worker] INFO com.j256.ormlite.table.TableUtils - clearing table 'employers' with 'DELETE FROM `employers`
]]></system-err>
</testsuite>
